<?xml version="1.0" encoding="UTF-8"?>
<testng-results skipped="0" failed="0" total="1" passed="1">
  <reporter-output>
  </reporter-output>
  <suite name="Default suite" duration-ms="14687" started-at="2020-11-23T08:46:44Z" finished-at="2020-11-23T08:46:59Z">
    <groups>
    </groups>
    <test name="Default test" duration-ms="14687" started-at="2020-11-23T08:46:44Z" finished-at="2020-11-23T08:46:59Z">
      <class name="api.Topic_02_selenium_webdriver">
        <test-method status="PASS" signature="beforeClass()[pri:0, instance:api.Topic_02_selenium_webdriver@6a024a67]" name="beforeClass" is-config="true" duration-ms="11639" started-at="2020-11-23T15:46:44Z" finished-at="2020-11-23T15:46:56Z">
          <reporter-output>
          </reporter-output>
        </test-method> <!-- beforeClass -->
        <test-method status="PASS" signature="f()[pri:0, instance:api.Topic_02_selenium_webdriver@6a024a67]" name="f" duration-ms="1882" started-at="2020-11-23T15:46:56Z" finished-at="2020-11-23T15:46:58Z">
          <reporter-output>
          </reporter-output>
        </test-method> <!-- f -->
        <test-method status="PASS" signature="afterClass()[pri:0, instance:api.Topic_02_selenium_webdriver@6a024a67]" name="afterClass" is-config="true" duration-ms="1153" started-at="2020-11-23T15:46:58Z" finished-at="2020-11-23T15:46:59Z">
          <reporter-output>
          </reporter-output>
        </test-method> <!-- afterClass -->
      </class> <!-- api.Topic_02_selenium_webdriver -->
    </test> <!-- Default test -->
  </suite> <!-- Default suite -->
</testng-results>
